<?xml version="1.0" encoding="UTF-8"?>
<!-- Generated by org.testng.reporters.JUnitReportReporter -->
<testsuite hostname="Devs-MacBook-Pro.local" failures="0" tests="1" name="PDF_Site.PDFSiteTest" time="42.702" errors="0" timestamp="2024-03-06T00:27:33 PKT" skipped="0">
  <testcase classname="PDF_Site.PDFSiteTest" name="verifyPDFDownload" time="42.702"/>
</testsuite> <!-- PDF_Site.PDFSiteTest -->
